[2026-02-20 07:09:24] local.INFO: OTP generated for chelseacaeryn@gmail.com: 478423  
[2026-02-20 07:09:24] local.INFO: Sending OTP copy to respon@mitra-project.com (System Forwarding Trigger)  
[2026-02-20 07:09:41] local.INFO: Dispatching OTP notification to user 4 (chelseacaeryn@gmail.com) via mail  
[2026-02-20 07:09:42] local.INFO: OTP notification successfully queued for chelseacaeryn@gmail.com  
[2026-02-20 07:09:52] local.INFO: OTP Verification attempt {"email":"chelseacaeryn@gmail.com","ip":"127.0.0.1","timestamp":"2026-02-20T07:09:52+00:00"} 
[2026-02-20 07:10:23] local.INFO: OTP Verification attempt {"email":"chelseacaeryn@gmail.com","ip":"127.0.0.1","timestamp":"2026-02-20T07:10:23+00:00"} 
[2026-02-20 07:11:11] local.INFO: OTP Verification attempt {"email":"chelseacaeryn@gmail.com","ip":"127.0.0.1","timestamp":"2026-02-20T07:11:11+00:00"} 
[2026-02-20 07:11:19] local.INFO: OTP Verification attempt {"email":"chelseacaeryn@gmail.com","ip":"127.0.0.1","timestamp":"2026-02-20T07:11:19+00:00"} 
[2026-02-20 07:11:19] local.WARNING: Invalid OTP attempt {"email":"chelseacaeryn@gmail.com","ip":"127.0.0.1"} 
[2026-02-20 07:12:14] local.INFO: OTP Verification attempt {"email":"chelseacaeryn@gmail.com","ip":"127.0.0.1","timestamp":"2026-02-20T07:12:14+00:00"} 
[2026-02-20 07:14:38] local.ERROR: PHP Parse error: Syntax error, unexpected '=' on line 1 {"exception":"[object] (Psy\\Exception\\ParseErrorException(code: 0): PHP Parse error: Syntax error, unexpected '=' on line 1 at C:/Users/Administrator/OneDrive/Documents/code_pr/child-development-program/vendor/psy/psysh/src/Exception/ParseErrorException.php:44)
[stacktrace]
#0 C:/Users/Administrator/OneDrive/Documents/code_pr/child-development-program/vendor/psy/psysh/src/CodeCleaner.php(488): Psy/Exception/ParseErrorException::fromParseError(Object(PhpParser/Error))
#1 C:/Users/Administrator/OneDrive/Documents/code_pr/child-development-program/vendor/psy/psysh/src/CodeCleaner.php(269): Psy/CodeCleaner->parse('<?php  = App//Mo...', false)
#2 C:/Users/Administrator/OneDrive/Documents/code_pr/child-development-program/vendor/psy/psysh/src/Shell.php(985): Psy/CodeCleaner->clean(Array, false)
#3 C:/Users/Administrator/OneDrive/Documents/code_pr/child-development-program/vendor/psy/psysh/src/Shell.php(1018): Psy/Shell->addCode(' = App//Models//U...', true)
#4 C:/Users/Administrator/OneDrive/Documents/code_pr/child-development-program/vendor/psy/psysh/src/Shell.php(1562): Psy/Shell->setCode(' = App//Models//U...', true)
#5 C:/Users/Administrator/OneDrive/Documents/code_pr/child-development-program/vendor/laravel/tinker/src/Console/TinkerCommand.php(76): Psy/Shell->execute(' = App//Models//U...')
#6 C:/Users/Administrator/OneDrive/Documents/code_pr/child-development-program/vendor/laravel/framework/src/Illuminate/Container/BoundMethod.php(36): Laravel/Tinker/Console/TinkerCommand->handle()
#7 C:/Users/Administrator/OneDrive/Documents/code_pr/child-development-program/vendor/laravel/framework/src/Illuminate/Container/Util.php(43): Illuminate/Container/BoundMethod::{closure:Illuminate/Container/BoundMethod::call():35}()
#8 C:/Users/Administrator/OneDrive/Documents/code_pr/child-development-program/vendor/laravel/framework/src/Illuminate/Container/BoundMethod.php(96): Illuminate/Container/Util::unwrapIfClosure(Object(Closure))
#9 C:/Users/Administrator/OneDrive/Documents/code_pr/child-development-program/vendor/laravel/framework/src/Illuminate/Container/BoundMethod.php(35): Illuminate/Container/BoundMethod::callBoundMethod(Object(Illuminate/Foundation/Application), Array, Object(Closure))
#10 C:/Users/Administrator/OneDrive/Documents/code_pr/child-development-program/vendor/laravel/framework/src/Illuminate/Container/Container.php(799): Illuminate/Container/BoundMethod::call(Object(Illuminate/Foundation/Application), Array, Array, NULL)
#11 C:/Users/Administrator/OneDrive/Documents/code_pr/child-development-program/vendor/laravel/framework/src/Illuminate/Console/Command.php(211): Illuminate/Container/Container->call(Array)
#12 C:/Users/Administrator/OneDrive/Documents/code_pr/child-development-program/vendor/symfony/console/Command/Command.php(341): Illuminate/Console/Command->execute(Object(Symfony/Component/Console/Input/ArgvInput), Object(Illuminate/Console/OutputStyle))
#13 C:/Users/Administrator/OneDrive/Documents/code_pr/child-development-program/vendor/laravel/framework/src/Illuminate/Console/Command.php(180): Symfony/Component/Console/Command/Command->run(Object(Symfony/Component/Console/Input/ArgvInput), Object(Illuminate/Console/OutputStyle))
#14 C:/Users/Administrator/OneDrive/Documents/code_pr/child-development-program/vendor/symfony/console/Application.php(1102): Illuminate/Console/Command->run(Object(Symfony/Component/Console/Input/ArgvInput), Object(Symfony/Component/Console/Output/ConsoleOutput))
#15 C:/Users/Administrator/OneDrive/Documents/code_pr/child-development-program/vendor/symfony/console/Application.php(356): Symfony/Component/Console/Application->doRunCommand(Object(Laravel/Tinker/Console/TinkerCommand), Object(Symfony/Component/Console/Input/ArgvInput), Object(Symfony/Component/Console/Output/ConsoleOutput))
#16 C:/Users/Administrator/OneDrive/Documents/code_pr/child-development-program/vendor/symfony/console/Application.php(195): Symfony/Component/Console/Application->doRun(Object(Symfony/Component/Console/Input/ArgvInput), Object(Symfony/Component/Console/Output/ConsoleOutput))
#17 C:/Users/Administrator/OneDrive/Documents/code_pr/child-development-program/vendor/laravel/framework/src/Illuminate/Foundation/Console/Kernel.php(198): Symfony/Component/Console/Application->run(Object(Symfony/Component/Console/Input/ArgvInput), Object(Symfony/Component/Console/Output/ConsoleOutput))
#18 C:/Users/Administrator/OneDrive/Documents/code_pr/child-development-program/vendor/laravel/framework/src/Illuminate/Foundation/Application.php(1235): Illuminate/Foundation/Console/Kernel->handle(Object(Symfony/Component/Console/Input/ArgvInput), Object(Symfony/Component/Console/Output/ConsoleOutput))
#19 C:/Users/Administrator/OneDrive/Documents/code_pr/child-development-program/artisan(16): Illuminate/Foundation/Application->handleCommand(Object(Symfony/Component/Console/Input/ArgvInput))
#20 {main}
"} 
[2026-02-20 07:15:15] local.INFO: OTP Verification attempt {"email":"chelseacaeryn@gmail.com","ip":"127.0.0.1","timestamp":"2026-02-20T07:15:15+00:00"} 
[2026-02-20 07:15:15] local.INFO: Expired OTP attempt {"email":"chelseacaeryn@gmail.com"} 
[2026-02-20 07:15:22] local.INFO: OTP Verification attempt {"email":"chelseacaeryn@gmail.com","ip":"127.0.0.1","timestamp":"2026-02-20T07:15:22+00:00"} 
[2026-02-20 07:15:22] local.INFO: Expired OTP attempt {"email":"chelseacaeryn@gmail.com"} 
[2026-02-20 07:17:42] local.INFO: OTP Verification attempt {"email":"chelseacaeryn@gmail.com","ip":"127.0.0.1","timestamp":"2026-02-20T07:17:42+00:00"} 
[2026-02-20 07:17:42] local.INFO: Expired OTP attempt {"email":"chelseacaeryn@gmail.com"} 
[2026-02-20 07:18:31] local.INFO: OTP Verification attempt {"email":"chelseacaeryn@gmail.com","ip":"127.0.0.1","timestamp":"2026-02-20T07:18:31+00:00"} 
[2026-02-20 07:18:31] local.INFO: Expired OTP attempt {"email":"chelseacaeryn@gmail.com"} 
[2026-02-20 07:19:26] local.INFO: OTP generated for chelseacaeryn@gmail.com: 195566  
[2026-02-20 07:19:26] local.INFO: Sending OTP copy to respon@mitra-project.com (System Forwarding Trigger)  
[2026-02-20 07:19:46] local.INFO: Dispatching OTP notification to user 4 (chelseacaeryn@gmail.com) via mail  
[2026-02-20 07:19:47] local.INFO: OTP notification successfully queued for chelseacaeryn@gmail.com  
[2026-02-20 07:20:06] local.INFO: OTP Verification attempt {"email":"chelseacaeryn@gmail.com","ip":"127.0.0.1","timestamp":"2026-02-20T07:20:06+00:00"} 
[2026-02-20 07:20:33] local.INFO: Broadcasting [profile.photo.request] on channels [private-admin.notifications] with payload:
{
    "request": {
        "id": 1,
        "user_id": 4,
        "photo_path": "profile-photo-requests\/FfHmDJrE2kqWmpFpc4A50LrtDThaugDi47Q1XYpq.jpg",
        "status": "pending",
        "reviewer_id": null,
        "rejection_reason": null,
        "reviewed_at": null,
        "created_at": "2026-02-20T07:20:33.000000Z",
        "updated_at": "2026-02-20T07:20:33.000000Z",
        "crop_x": null,
        "crop_y": null,
        "crop_width": null,
        "crop_height": null,
        "zoom": null,
        "photo_url": "\/storage\/profile-photo-requests\/FfHmDJrE2kqWmpFpc4A50LrtDThaugDi47Q1XYpq.jpg",
        "user": {
            "id": 4,
            "first_name": "Participant",
            "last_name": "User",
            "nickname": "Chel",
            "id_number": "PARTICIPANT123",
            "email": "chelseacaeryn@gmail.com",
            "email_verified_at": "2026-02-20T06:29:02.000000Z",
            "is_active": true,
            "created_at": "2026-02-20T06:29:02.000000Z",
            "updated_at": "2026-02-20T07:20:33.000000Z",
            "role": "participant",
            "date_of_birth": "2012-04-18T00:00:00.000000Z",
            "age": 13,
            "gender": null,
            "education": null,
            "age_group": null,
            "height": null,
            "weight": null,
            "communication": null,
            "phone_number": null,
            "job_title": null,
            "specialization": null,
            "experience": null,
            "bio": null,
            "mentor_id": null,
            "address": null,
            "last_seen_at": "2026-02-20 07:20:33",
            "profile_photo_path": null,
            "profile_photo_status": "pending",
            "profile_photo_url": null
        }
    },
    "socket": null
}  
[2026-02-20 07:21:28] local.INFO: OTP generated for id224ms.portal1a@gmail.com: 523253  
[2026-02-20 07:21:28] local.INFO: Sending OTP copy to respon@mitra-project.com (System Forwarding Trigger)  
[2026-02-20 07:21:46] local.INFO: Dispatching OTP notification to user 1 (id224ms.portal1a@gmail.com) via mail  
[2026-02-20 07:21:47] local.INFO: OTP notification successfully queued for id224ms.portal1a@gmail.com  
[2026-02-20 07:22:10] local.INFO: OTP Verification attempt {"email":"id224ms.portal1a@gmail.com","ip":"127.0.0.1","timestamp":"2026-02-20T07:22:10+00:00"} 
[2026-02-20 07:23:38] local.INFO: OTP Verification attempt {"email":"id224ms.portal1a@gmail.com","ip":"127.0.0.1","timestamp":"2026-02-20T07:23:38+00:00"} 
[2026-02-20 07:23:38] local.WARNING: Invalid OTP attempt {"email":"id224ms.portal1a@gmail.com","ip":"127.0.0.1"} 
[2026-02-20 10:18:58] local.INFO: OTP generated for chelseacaeryn@gmail.com: 785585  
[2026-02-20 10:18:58] local.INFO: Sending OTP copy to respon@mitra-project.com (System Forwarding Trigger)  
[2026-02-20 10:19:20] local.INFO: Dispatching OTP notification to user 4 (chelseacaeryn@gmail.com) via mail  
[2026-02-20 10:19:21] local.INFO: OTP notification successfully queued for chelseacaeryn@gmail.com  
[2026-02-20 10:19:37] local.INFO: OTP Verification attempt {"email":"chelseacaeryn@gmail.com","ip":"127.0.0.1","timestamp":"2026-02-20T10:19:37+00:00"} 
[2026-02-20 10:20:39] local.INFO: OTP generated for id224ms.portal1a@gmail.com: 253857  
[2026-02-20 10:20:39] local.INFO: Sending OTP copy to respon@mitra-project.com (System Forwarding Trigger)  
[2026-02-20 10:21:01] local.INFO: Dispatching OTP notification to user 1 (id224ms.portal1a@gmail.com) via mail  
[2026-02-20 10:21:02] local.INFO: OTP notification successfully queued for id224ms.portal1a@gmail.com  
[2026-02-20 10:21:20] local.INFO: OTP Verification attempt {"email":"id224ms.portal1a@gmail.com","ip":"127.0.0.1","timestamp":"2026-02-20T10:21:20+00:00"} 
[2026-02-20 10:22:00] local.INFO: Broadcasting [profile.photo.request] on channels [private-admin.notifications] with payload:
{
    "request": {
        "id": 2,
        "user_id": 4,
        "photo_path": "profile-photo-requests\/BbW4SdwBHyyhArZNwfJnTFEM2eY6sZTaxI8Wopv5.jpg",
        "status": "pending",
        "reviewer_id": null,
        "rejection_reason": null,
        "reviewed_at": null,
        "created_at": "2026-02-20T10:22:00.000000Z",
        "updated_at": "2026-02-20T10:22:00.000000Z",
        "crop_x": null,
        "crop_y": null,
        "crop_width": null,
        "crop_height": null,
        "zoom": null,
        "photo_url": "\/storage\/profile-photo-requests\/BbW4SdwBHyyhArZNwfJnTFEM2eY6sZTaxI8Wopv5.jpg",
        "user": {
            "id": 4,
            "first_name": "Participant",
            "last_name": "User",
            "nickname": "Chel",
            "id_number": "PARTICIPANT123",
            "email": "chelseacaeryn@gmail.com",
            "email_verified_at": "2026-02-20T06:29:02.000000Z",
            "is_active": true,
            "created_at": "2026-02-20T06:29:02.000000Z",
            "updated_at": "2026-02-20T10:22:00.000000Z",
            "role": "participant",
            "date_of_birth": "2012-04-18T00:00:00.000000Z",
            "age": 13,
            "gender": null,
            "education": null,
            "age_group": null,
            "height": null,
            "weight": null,
            "communication": null,
            "phone_number": null,
            "job_title": null,
            "specialization": null,
            "experience": null,
            "bio": null,
            "mentor_id": null,
            "address": null,
            "last_seen_at": "2026-02-20 10:22:00",
            "profile_photo_path": "profile-photos\/69980c6c6924a.jpg",
            "profile_photo_status": "pending",
            "profile_photo_url": "\/storage\/profile-photos\/69980c6c6924a.jpg",
            "name": "Participant User"
        }
    },
    "socket": null
}  
[2026-02-20 10:23:31] local.INFO: Broadcasting [profile.photo.request] on channels [private-admin.notifications] with payload:
{
    "request": {
        "id": 3,
        "user_id": 4,
        "photo_path": "profile-photo-requests\/3Fvs70YitsH0kfXI1Q2fDaYf4mQRqdn2dzb04UDB.jpg",
        "status": "pending",
        "reviewer_id": null,
        "rejection_reason": null,
        "reviewed_at": null,
        "created_at": "2026-02-20T10:23:31.000000Z",
        "updated_at": "2026-02-20T10:23:31.000000Z",
        "crop_x": null,
        "crop_y": null,
        "crop_width": null,
        "crop_height": null,
        "zoom": null,
        "photo_url": "\/storage\/profile-photo-requests\/3Fvs70YitsH0kfXI1Q2fDaYf4mQRqdn2dzb04UDB.jpg",
        "user": {
            "id": 4,
            "first_name": "Participant",
            "last_name": "User",
            "nickname": "Chel",
            "id_number": "PARTICIPANT123",
            "email": "chelseacaeryn@gmail.com",
            "email_verified_at": "2026-02-20T06:29:02.000000Z",
            "is_active": true,
            "created_at": "2026-02-20T06:29:02.000000Z",
            "updated_at": "2026-02-20T10:23:31.000000Z",
            "role": "participant",
            "date_of_birth": "2012-04-18T00:00:00.000000Z",
            "age": 13,
            "gender": null,
            "education": null,
            "age_group": null,
            "height": null,
            "weight": null,
            "communication": null,
            "phone_number": null,
            "job_title": null,
            "specialization": null,
            "experience": null,
            "bio": null,
            "mentor_id": null,
            "address": null,
            "last_seen_at": "2026-02-20 10:23:31",
            "profile_photo_path": "profile-photos\/699835e13216c.jpg",
            "profile_photo_status": "pending",
            "profile_photo_url": "\/storage\/profile-photos\/699835e13216c.jpg",
            "name": "Participant User"
        }
    },
    "socket": null
}  
